epoch,acc,accuracy_with_threshold,loss,val_acc,val_accuracy_with_threshold,val_loss
0,0.5004118616144976,0.5004118616144976,7.925812219277245,0.500000000220758,0.500000000220758,7.971192797908077
1,0.4999999999509023,0.4999999999509023,7.97119332145427,0.5000000001103789,0.5000000001103789,7.971192713137026
2,0.49999999990180455,0.49999999990180455,7.971196725301727,0.5,0.5,7.971192699008518
3,0.49999999990180455,0.49999999990180455,7.971192846188239,0.5000000013245477,0.5000000013245477,7.971192875614872
4,0.5,0.5,7.971192921602353,0.5,0.5,7.971192812036585
5,0.5000000000490977,0.5000000000490977,7.9711928469738025,0.5000000001103789,0.5000000001103789,7.97119276965106
6,0.5768121911037891,0.5731054364751159,1.1626206816126528,0.5074074074074074,0.5,3.058516354031033
7,0.6239703459637562,0.6243822076273514,0.6460710149227689,0.7074074082904391,0.7370370361540053,0.5842500646909078
8,0.767504118616145,0.7685337725541933,0.49056065205294375,0.5814814828060292,0.6518518531763995,0.6377951811861109
9,0.8097199342003372,0.8025123557502395,0.42863978364518684,0.6074074087319551,0.6592592588177434,0.8488138441686277
10,0.8381383854042757,0.8354612851064327,0.3753111562776016,0.5000000004415159,0.5000000004415159,2.140265030331082
11,0.8469934103123635,0.8426688633601395,0.36480884862790586,0.8444444435614127,0.8629629634044789,0.3844776961538527
12,0.8455518945634267,0.8457578253706755,0.3555707333999175,0.848148148589664,0.8444444431198967,0.36567871416056597
13,0.8527594729153289,0.8504942340355925,0.3547988146101623,0.8518518522933677,0.8407407398577089,0.38348890962424104
14,0.8618204282378836,0.8593492585508985,0.3222686236438877,0.7629629620799312,0.7444444448859603,0.49432237302815474
15,0.8721169686003218,0.8686161450734837,0.3122889469738258,0.8666666657836349,0.8703703694873386,0.3288439159040098
16,0.8747940692909467,0.8756177925199418,0.2996210150997564,0.5592592583762275,0.6296296287465979,0.9793824836059853
17,0.8768533772652389,0.8731466227347611,0.29052536511146254,0.6,0.6555555551140396,0.8897431625260247
18,0.8785008236250336,0.8778830312032873,0.2967905695051495,0.8518518522933677,0.8629629634044789,0.34859578167950667
19,0.8898270180237156,0.8852965402642428,0.2752237976996667,0.8703703690458227,0.8629629616384153,0.34161283285529526
20,0.8887973640856672,0.8887973639874718,0.27446112485949253,0.5333333328918174,0.5592592588177434,1.3218400716781615
21,0.9032125204948853,0.903418451498525,0.23239207481336357,0.7999999991169682,0.8259259263674418,0.4727107434361069
22,0.9060955518945635,0.9036243822075782,0.23301641350915836,0.5999999995584842,0.6296296291881137,1.1732830065268058
23,0.9170098845805524,0.916598022966055,0.21128187040127874,0.5148148150355728,0.5185185187392765,2.1147668626573353
24,0.9083607907742999,0.9085667215815486,0.21999710511041826,0.911111111552627,0.9037037041452196,0.21005499771347752
25,0.9240115322234014,0.9271004943321328,0.19114480743298223,0.6888888902134366,0.6851851865097328,0.9888014519656146
26,0.9209225701146699,0.9196869851729819,0.1993886486947831,0.837037037478553,0.8666666671081825,0.35750612219174704
27,0.9312191103789127,0.9271004941357419,0.17949905915452777,0.9074074065243757,0.8962962954132645,0.2655359961368419
28,0.928747940790123,0.9268945633284932,0.17871893733690755,0.8814814819229974,0.9037037041452196,0.2633649051189423
29,0.9320428337061032,0.9363673806583273,0.16705851827608498,0.8037037028206719,0.7814814805984497,0.4664216783311632
30,0.9322487645133519,0.9266886327176354,0.17394703227713632,0.937037037037037,0.9444444444444444,0.18992598432081717
31,0.9411037892250489,0.9386326195380637,0.1529025686582584,0.8555555542310079,0.8444444431198967,0.4265553566040816
32,0.9367792420764338,0.9386326194398682,0.15926402497920017,0.7074074087319551,0.72592592548441,0.9308863277788515
33,0.9338962108731467,0.9349258650075859,0.16862576900439757,0.8555555555555555,0.8333333320087857,0.39454488975030405
34,0.9413097199341022,0.9384266886326195,0.15087868071957514,0.9222222222222223,0.9111111111111111,0.2262633616173709
35,0.9544892915980231,0.9532537067545305,0.12352909825901813,0.9037037028206719,0.8962962954132645,0.22781653779524344
36,0.9491350907077506,0.9466639210207655,0.13347414606043692,0.8703703708118863,0.8407407398577089,0.3454707847701179
37,0.9542833606925788,0.9522240528164821,0.12033558142244129,0.9185185171939708,0.9185185171939708,0.16354528654504705
38,0.9472817132461209,0.9450164743663845,0.13151038160065842,0.8333333320087857,0.8074074060828598,0.5189295563432905
39,0.953665568369028,0.9526359142345887,0.12391933035933991,0.9629629629629629,0.9592592592592593,0.12616174731541563
40,0.9602553542009885,0.9584019769357496,0.10516562185801037,0.8962962967378122,0.8888888893304048,0.22377425917872676
41,0.9584019769357496,0.9567545304777595,0.11167765453249166,0.9111111097865634,0.9259259246013782,0.21839915381537545
42,0.9612850081390368,0.9575782536085591,0.10770645698369825,0.8074074065243756,0.7851851843021534,0.5300327839674773
43,0.9627265238879736,0.9639621086332708,0.09119905226079891,0.9074074060828597,0.9296296296296296,0.2236556053713516
44,0.9598434926846864,0.9604612851064327,0.10433410096121876,0.8814814805984497,0.8740740731910422,0.3362302947927404
45,0.9600494234919351,0.9594316310701889,0.10698417896677968,0.9481481468236005,0.9444444444444444,0.14305926379230288
46,0.9689044480072411,0.967257001549251,0.08182685021955452,0.9592592592592593,0.9444444444444444,0.1284519083108063
47,0.9713756176942263,0.9682866555854949,0.08639890112019646,0.8407407394161931,0.8592592579347116,0.44595602607285534
48,0.9713756177924218,0.9686985172981878,0.08383739610468045,0.9407407394161931,0.929629628305082,0.2086598532067405
49,0.9656095551894563,0.964168039538715,0.09054036982836206,0.8814814819229974,0.8851851856267011,0.34137392618038037
50,0.968080724778246,0.9656095550912609,0.08628380976470043,0.9481481481481482,0.9481481481481482,0.13861977529746514
51,0.9728171333449677,0.9732289949594651,0.072508130081403,0.9592592592592593,0.9629629629629629,0.10980079502419189
52,0.9689044481054365,0.9678747940691927,0.07878322469583011,0.8555555542310079,0.8629629616384153,0.42737876463819435
53,0.9701400329489291,0.9703459637561779,0.07772658808583384,0.9111111111111111,0.9259259259259259,0.22179476291769082
54,0.9705518945634267,0.9697281713344317,0.07447550360948044,0.9555555555555556,0.9518518518518518,0.1270336114284065
55,0.9740527182866557,0.9724052717304701,0.07149435233407618,0.9629629629629629,0.9629629629629629,0.10365948919896727
56,0.9779654035261868,0.9781713343334355,0.05952888906548257,0.9407407394161931,0.9407407394161931,0.1559297674232059
57,0.9787891267551818,0.9779654036243822,0.05781800333484148,0.9481481481481482,0.9481481481481482,0.11570385363366868
58,0.9757001647446458,0.9738467873812114,0.06470507424465907,0.9629629629629629,0.9703703703703703,0.10548070722983943
59,0.9666392092257001,0.9656095550912609,0.08761335315821075,0.9370370357124894,0.9518518518518518,0.1687157694388319
60,0.9783772652388797,0.9785831960461285,0.06130123365658168,0.9444444431198968,0.9481481468236005,0.13937127115549863
61,0.978995057660626,0.978995057660626,0.05334976032457608,0.9,0.9222222222222223,0.2490832199928937
62,0.9775535420098846,0.9765238879736409,0.05379614378041795,0.9592592592592593,0.9592592592592593,0.10576065610404368
63,0.9806425041186162,0.9810543657331137,0.0504026778504142,0.9555555559970714,0.948148148589664,0.14008073961293255
64,0.9862026358161373,0.9849670509726447,0.045893927033426,0.9518518518518518,0.9555555555555556,0.11390220431817902
65,0.98167215815486,0.9818780889621087,0.05048167281070666,0.9666666666666667,0.9481481481481482,0.12984209729841462
66,0.9703459638543734,0.9689044482036321,0.07253101604639306,0.9592592579347116,0.9592592579347116,0.11690151752145202
67,0.9789950577588215,0.9789950577588215,0.05419590932668434,0.6592592594800172,0.6703703705911284,1.8427393877947773
68,0.982084019671162,0.9822899504784108,0.047982014321738965,0.9444444448859604,0.9444444448859604,0.19616317246799117
69,0.9866144975288303,0.9857907742998353,0.038606690500649625,0.9629629629629629,0.9518518505273041,0.11751994970772002
70,0.9874382207578254,0.9878500823723229,0.03560281513739052,0.9333333333333333,0.9407407407407408,0.19051522051018696
71,0.9814662274458067,0.9806425042168117,0.05116657162149616,0.9259259246013782,0.937037037037037,0.1855531260095261
72,0.9870263591433278,0.9857907742998353,0.03382312560176302,0.9518518518518518,0.9629629629629629,0.12131750489826555
73,0.9822899505766063,0.982495881383855,0.04672647024929843,0.9592592592592593,0.9592592592592593,0.1497060995686937
74,0.9843492585508985,0.9824958812856596,0.04247019352096776,0.8888888875643413,0.9074074060828597,0.38306004228415313
75,0.9835255354200988,0.984349258649094,0.042230146768682406,0.9629629616384153,0.9555555542310079,0.1137526794716164
